0 info it worked if it ends with ok
1 verbose cli [ 'node', '/usr/local/bin/npm', 'install', 'node-sqlite' ]
2 info using npm@1.1.49
3 info using node@v0.8.7
4 verbose read json /Users/davida/package.json
5 verbose read json /Users/davida/node_modules/sqlite3/package.json
6 verbose read json /Users/davida/package.json
7 verbose cache add [ 'node-sqlite', null ]
8 silly cache add name=undefined spec="node-sqlite" args=["node-sqlite",null]
9 verbose parsed url { pathname: 'node-sqlite',
9 verbose parsed url   path: 'node-sqlite',
9 verbose parsed url   href: 'node-sqlite' }
10 silly lockFile 531ac882-node-sqlite node-sqlite
11 verbose lock node-sqlite /Users/davida/.npm/531ac882-node-sqlite.lock
12 silly lockFile 531ac882-node-sqlite node-sqlite
13 verbose addNamed [ 'node-sqlite', '' ]
14 verbose addNamed [ null, '' ]
15 silly lockFile bce1b998-node-sqlite node-sqlite@
16 verbose lock node-sqlite@ /Users/davida/.npm/bce1b998-node-sqlite.lock
17 silly addNameRange { name: 'node-sqlite', range: '', hasData: false }
18 verbose url raw node-sqlite
19 verbose url resolving [ 'https://registry.npmjs.org/', './node-sqlite' ]
20 verbose url resolved https://registry.npmjs.org/node-sqlite
21 info retry registry request attempt 1 at 13:56:59
22 http GET https://registry.npmjs.org/node-sqlite
23 http 404 https://registry.npmjs.org/node-sqlite
24 silly registry.get cb [ 404,
24 silly registry.get   { server: 'CouchDB/1.2.1 (Erlang OTP/R15B03)',
24 silly registry.get     date: 'Fri, 01 Mar 2013 21:57:00 GMT',
24 silly registry.get     'content-type': 'application/json',
24 silly registry.get     'content-length': '52',
24 silly registry.get     'cache-control': 'must-revalidate' } ]
25 silly lockFile bce1b998-node-sqlite node-sqlite@
26 error 404 'node-sqlite' is not in the npm registry.
26 error 404 You should bug the author to publish it
26 error 404
26 error 404 Maybe try 'npm search sqlite'
26 error 404
26 error 404 Note that you can also install from a
26 error 404 tarball, folder, or http url, or git url.
27 error System Darwin 12.2.0
28 error command "node" "/usr/local/bin/npm" "install" "node-sqlite"
29 error cwd /Users/davida/SparkleShare/quark
30 error node -v v0.8.7
31 error npm -v 1.1.49
32 error code E404
33 verbose exit [ 1, true ]
